0 info it worked if it ends with ok
1 verbose cli [ '/usr/local/bin/node', '/usr/local/bin/npm', 'run', 'build' ]
2 info using npm@3.10.9
3 info using node@v4.1.1
4 verbose run-script [ 'prebuild', 'build', 'postbuild' ]
5 info lifecycle vue-flowchart@0.1.0~prebuild: vue-flowchart@0.1.0
6 silly lifecycle vue-flowchart@0.1.0~prebuild: no script for prebuild, continuing
7 info lifecycle vue-flowchart@0.1.0~build: vue-flowchart@0.1.0
8 verbose lifecycle vue-flowchart@0.1.0~build: unsafe-perm in lifecycle true
9 verbose lifecycle vue-flowchart@0.1.0~build: PATH: /usr/local/lib/node_modules/npm/bin/node-gyp-bin:/Users/lichen6/Sites/Divers/vue-flowchart/node_modules/.bin:/Users/lichen6/.rvm/gems/ruby-2.1.2/bin:/Users/lichen6/.rvm/gems/ruby-2.1.2@global/bin:/Users/lichen6/.rvm/rubies/ruby-2.1.2/bin:/Users/lichen6/bin:/usr/local/opt/coreutils/libexec/gnubin:/usr/local/bin:/usr/bin:/bin:/usr/sbin:/sbin:/opt/X11/bin:/usr/local/git/bin:/Users/lichen6/.rvm/bin:/Users/lichen6/.npm/bin:/Users/lichen6/Library/Android/sdk/tools:/Users/lichen6/Library/Android/sdk/platform-tools:/usr/local/heroku/bin
10 verbose lifecycle vue-flowchart@0.1.0~build: CWD: /Users/lichen6/Sites/Divers/vue-flowchart
11 silly lifecycle vue-flowchart@0.1.0~build: Args: [ '-c',
11 silly lifecycle   'rollup -c --name vueFlowchart --input index.js --output dist/vue-flowchart.js --format umd' ]
12 silly lifecycle vue-flowchart@0.1.0~build: Returned: code: 1  signal: null
13 info lifecycle vue-flowchart@0.1.0~build: Failed to exec build script
14 verbose stack Error: vue-flowchart@0.1.0 build: `rollup -c --name vueFlowchart --input index.js --output dist/vue-flowchart.js --format umd`
14 verbose stack Exit status 1
14 verbose stack     at EventEmitter.<anonymous> (/usr/local/lib/node_modules/npm/lib/utils/lifecycle.js:255:16)
14 verbose stack     at emitTwo (events.js:87:13)
14 verbose stack     at EventEmitter.emit (events.js:172:7)
14 verbose stack     at ChildProcess.<anonymous> (/usr/local/lib/node_modules/npm/lib/utils/spawn.js:40:14)
14 verbose stack     at emitTwo (events.js:87:13)
14 verbose stack     at ChildProcess.emit (events.js:172:7)
14 verbose stack     at maybeClose (internal/child_process.js:817:16)
14 verbose stack     at Process.ChildProcess._handle.onexit (internal/child_process.js:211:5)
15 verbose pkgid vue-flowchart@0.1.0
16 verbose cwd /Users/lichen6/Sites/Divers/vue-flowchart
17 error Darwin 14.5.0
18 error argv "/usr/local/bin/node" "/usr/local/bin/npm" "run" "build"
19 error node v4.1.1
20 error npm  v3.10.9
21 error code ELIFECYCLE
22 error vue-flowchart@0.1.0 build: `rollup -c --name vueFlowchart --input index.js --output dist/vue-flowchart.js --format umd`
22 error Exit status 1
23 error Failed at the vue-flowchart@0.1.0 build script 'rollup -c --name vueFlowchart --input index.js --output dist/vue-flowchart.js --format umd'.
23 error Make sure you have the latest version of node.js and npm installed.
23 error If you do, this is most likely a problem with the vue-flowchart package,
23 error not with npm itself.
23 error Tell the author that this fails on your system:
23 error     rollup -c --name vueFlowchart --input index.js --output dist/vue-flowchart.js --format umd
23 error You can get information on how to open an issue for this project with:
23 error     npm bugs vue-flowchart
23 error Or if that isn't available, you can get their info via:
23 error     npm owner ls vue-flowchart
23 error There is likely additional logging output above.
24 verbose exit [ 1, true ]
